k:backbone.conv1.weight shape:torch.Size([64, 3, 7, 7])
k:backbone.bn1.weight shape:torch.Size([64])
k:backbone.bn1.bias shape:torch.Size([64])
k:backbone.bn1.running_mean shape:torch.Size([64])
k:backbone.bn1.running_var shape:torch.Size([64])
k:backbone.bn1.num_batches_tracked shape:torch.Size([])
k:backbone.layer1.0.conv1.weight shape:torch.Size([64, 64, 1, 1])
k:backbone.layer1.0.bn1.weight shape:torch.Size([64])
k:backbone.layer1.0.bn1.bias shape:torch.Size([64])
k:backbone.layer1.0.bn1.running_mean shape:torch.Size([64])
k:backbone.layer1.0.bn1.running_var shape:torch.Size([64])
k:backbone.layer1.0.bn1.num_batches_tracked shape:torch.Size([])
k:backbone.layer1.0.conv2.weight shape:torch.Size([64, 64, 3, 3])
k:backbone.layer1.0.bn2.weight shape:torch.Size([64])
k:backbone.layer1.0.bn2.bias shape:torch.Size([64])
k:backbone.layer1.0.bn2.running_mean shape:torch.Size([64])
k:backbone.layer1.0.bn2.running_var shape:torch.Size([64])
k:backbone.layer1.0.bn2.num_batches_tracked shape:torch.Size([])
k:backbone.layer1.0.conv3.weight shape:torch.Size([256, 64, 1, 1])
k:backbone.layer1.0.bn3.weight shape:torch.Size([256])
k:backbone.layer1.0.bn3.bias shape:torch.Size([256])
k:backbone.layer1.0.bn3.running_mean shape:torch.Size([256])
k:backbone.layer1.0.bn3.running_var shape:torch.Size([256])
k:backbone.layer1.0.bn3.num_batches_tracked shape:torch.Size([])
k:backbone.layer1.0.downsample.0.weight shape:torch.Size([256, 64, 1, 1])
k:backbone.layer1.0.downsample.1.weight shape:torch.Size([256])
k:backbone.layer1.0.downsample.1.bias shape:torch.Size([256])
k:backbone.layer1.0.downsample.1.running_mean shape:torch.Size([256])
k:backbone.layer1.0.downsample.1.running_var shape:torch.Size([256])
k:backbone.layer1.0.downsample.1.num_batches_tracked shape:torch.Size([])
k:backbone.layer1.1.conv1.weight shape:torch.Size([64, 256, 1, 1])
k:backbone.layer1.1.bn1.weight shape:torch.Size([64])
k:backbone.layer1.1.bn1.bias shape:torch.Size([64])
k:backbone.layer1.1.bn1.running_mean shape:torch.Size([64])
k:backbone.layer1.1.bn1.running_var shape:torch.Size([64])
k:backbone.layer1.1.bn1.num_batches_tracked shape:torch.Size([])
k:backbone.layer1.1.conv2.weight shape:torch.Size([64, 64, 3, 3])
k:backbone.layer1.1.bn2.weight shape:torch.Size([64])
k:backbone.layer1.1.bn2.bias shape:torch.Size([64])
k:backbone.layer1.1.bn2.running_mean shape:torch.Size([64])
k:backbone.layer1.1.bn2.running_var shape:torch.Size([64])
k:backbone.layer1.1.bn2.num_batches_tracked shape:torch.Size([])
k:backbone.layer1.1.conv3.weight shape:torch.Size([256, 64, 1, 1])
k:backbone.layer1.1.bn3.weight shape:torch.Size([256])
k:backbone.layer1.1.bn3.bias shape:torch.Size([256])
k:backbone.layer1.1.bn3.running_mean shape:torch.Size([256])
k:backbone.layer1.1.bn3.running_var shape:torch.Size([256])
k:backbone.layer1.1.bn3.num_batches_tracked shape:torch.Size([])
k:backbone.layer1.2.conv1.weight shape:torch.Size([64, 256, 1, 1])
k:backbone.layer1.2.bn1.weight shape:torch.Size([64])
k:backbone.layer1.2.bn1.bias shape:torch.Size([64])
k:backbone.layer1.2.bn1.running_mean shape:torch.Size([64])
k:backbone.layer1.2.bn1.running_var shape:torch.Size([64])
k:backbone.layer1.2.bn1.num_batches_tracked shape:torch.Size([])
k:backbone.layer1.2.conv2.weight shape:torch.Size([64, 64, 3, 3])
k:backbone.layer1.2.bn2.weight shape:torch.Size([64])
k:backbone.layer1.2.bn2.bias shape:torch.Size([64])
k:backbone.layer1.2.bn2.running_mean shape:torch.Size([64])
k:backbone.layer1.2.bn2.running_var shape:torch.Size([64])
k:backbone.layer1.2.bn2.num_batches_tracked shape:torch.Size([])
k:backbone.layer1.2.conv3.weight shape:torch.Size([256, 64, 1, 1])
k:backbone.layer1.2.bn3.weight shape:torch.Size([256])
k:backbone.layer1.2.bn3.bias shape:torch.Size([256])
k:backbone.layer1.2.bn3.running_mean shape:torch.Size([256])
k:backbone.layer1.2.bn3.running_var shape:torch.Size([256])
k:backbone.layer1.2.bn3.num_batches_tracked shape:torch.Size([])
k:backbone.layer2.0.conv1.weight shape:torch.Size([128, 256, 1, 1])
k:backbone.layer2.0.bn1.weight shape:torch.Size([128])
k:backbone.layer2.0.bn1.bias shape:torch.Size([128])
k:backbone.layer2.0.bn1.running_mean shape:torch.Size([128])
k:backbone.layer2.0.bn1.running_var shape:torch.Size([128])
k:backbone.layer2.0.bn1.num_batches_tracked shape:torch.Size([])
k:backbone.layer2.0.conv2.weight shape:torch.Size([128, 128, 3, 3])
k:backbone.layer2.0.bn2.weight shape:torch.Size([128])
k:backbone.layer2.0.bn2.bias shape:torch.Size([128])
k:backbone.layer2.0.bn2.running_mean shape:torch.Size([128])
k:backbone.layer2.0.bn2.running_var shape:torch.Size([128])
k:backbone.layer2.0.bn2.num_batches_tracked shape:torch.Size([])
k:backbone.layer2.0.conv3.weight shape:torch.Size([512, 128, 1, 1])
k:backbone.layer2.0.bn3.weight shape:torch.Size([512])
k:backbone.layer2.0.bn3.bias shape:torch.Size([512])
k:backbone.layer2.0.bn3.running_mean shape:torch.Size([512])
k:backbone.layer2.0.bn3.running_var shape:torch.Size([512])
k:backbone.layer2.0.bn3.num_batches_tracked shape:torch.Size([])
k:backbone.layer2.0.downsample.0.weight shape:torch.Size([512, 256, 1, 1])
k:backbone.layer2.0.downsample.1.weight shape:torch.Size([512])
k:backbone.layer2.0.downsample.1.bias shape:torch.Size([512])
k:backbone.layer2.0.downsample.1.running_mean shape:torch.Size([512])
k:backbone.layer2.0.downsample.1.running_var shape:torch.Size([512])
k:backbone.layer2.0.downsample.1.num_batches_tracked shape:torch.Size([])
k:backbone.layer2.1.conv1.weight shape:torch.Size([128, 512, 1, 1])
k:backbone.layer2.1.bn1.weight shape:torch.Size([128])
k:backbone.layer2.1.bn1.bias shape:torch.Size([128])
k:backbone.layer2.1.bn1.running_mean shape:torch.Size([128])
k:backbone.layer2.1.bn1.running_var shape:torch.Size([128])
k:backbone.layer2.1.bn1.num_batches_tracked shape:torch.Size([])
k:backbone.layer2.1.conv2.weight shape:torch.Size([128, 128, 3, 3])
k:backbone.layer2.1.bn2.weight shape:torch.Size([128])
k:backbone.layer2.1.bn2.bias shape:torch.Size([128])
k:backbone.layer2.1.bn2.running_mean shape:torch.Size([128])
k:backbone.layer2.1.bn2.running_var shape:torch.Size([128])
k:backbone.layer2.1.bn2.num_batches_tracked shape:torch.Size([])
k:backbone.layer2.1.conv3.weight shape:torch.Size([512, 128, 1, 1])
k:backbone.layer2.1.bn3.weight shape:torch.Size([512])
k:backbone.layer2.1.bn3.bias shape:torch.Size([512])
k:backbone.layer2.1.bn3.running_mean shape:torch.Size([512])
k:backbone.layer2.1.bn3.running_var shape:torch.Size([512])
k:backbone.layer2.1.bn3.num_batches_tracked shape:torch.Size([])
k:backbone.layer2.2.conv1.weight shape:torch.Size([128, 512, 1, 1])
k:backbone.layer2.2.bn1.weight shape:torch.Size([128])
k:backbone.layer2.2.bn1.bias shape:torch.Size([128])
k:backbone.layer2.2.bn1.running_mean shape:torch.Size([128])
k:backbone.layer2.2.bn1.running_var shape:torch.Size([128])
k:backbone.layer2.2.bn1.num_batches_tracked shape:torch.Size([])
k:backbone.layer2.2.conv2.weight shape:torch.Size([128, 128, 3, 3])
k:backbone.layer2.2.bn2.weight shape:torch.Size([128])
k:backbone.layer2.2.bn2.bias shape:torch.Size([128])
k:backbone.layer2.2.bn2.running_mean shape:torch.Size([128])
k:backbone.layer2.2.bn2.running_var shape:torch.Size([128])
k:backbone.layer2.2.bn2.num_batches_tracked shape:torch.Size([])
k:backbone.layer2.2.conv3.weight shape:torch.Size([512, 128, 1, 1])
k:backbone.layer2.2.bn3.weight shape:torch.Size([512])
k:backbone.layer2.2.bn3.bias shape:torch.Size([512])
k:backbone.layer2.2.bn3.running_mean shape:torch.Size([512])
k:backbone.layer2.2.bn3.running_var shape:torch.Size([512])
k:backbone.layer2.2.bn3.num_batches_tracked shape:torch.Size([])
k:backbone.layer2.3.conv1.weight shape:torch.Size([128, 512, 1, 1])
k:backbone.layer2.3.bn1.weight shape:torch.Size([128])
k:backbone.layer2.3.bn1.bias shape:torch.Size([128])
k:backbone.layer2.3.bn1.running_mean shape:torch.Size([128])
k:backbone.layer2.3.bn1.running_var shape:torch.Size([128])
k:backbone.layer2.3.bn1.num_batches_tracked shape:torch.Size([])
k:backbone.layer2.3.conv2.weight shape:torch.Size([128, 128, 3, 3])
k:backbone.layer2.3.bn2.weight shape:torch.Size([128])
k:backbone.layer2.3.bn2.bias shape:torch.Size([128])
k:backbone.layer2.3.bn2.running_mean shape:torch.Size([128])
k:backbone.layer2.3.bn2.running_var shape:torch.Size([128])
k:backbone.layer2.3.bn2.num_batches_tracked shape:torch.Size([])
k:backbone.layer2.3.conv3.weight shape:torch.Size([512, 128, 1, 1])
k:backbone.layer2.3.bn3.weight shape:torch.Size([512])
k:backbone.layer2.3.bn3.bias shape:torch.Size([512])
k:backbone.layer2.3.bn3.running_mean shape:torch.Size([512])
k:backbone.layer2.3.bn3.running_var shape:torch.Size([512])
k:backbone.layer2.3.bn3.num_batches_tracked shape:torch.Size([])
k:backbone.layer3.0.conv1.weight shape:torch.Size([256, 512, 1, 1])
k:backbone.layer3.0.bn1.weight shape:torch.Size([256])
k:backbone.layer3.0.bn1.bias shape:torch.Size([256])
k:backbone.layer3.0.bn1.running_mean shape:torch.Size([256])
k:backbone.layer3.0.bn1.running_var shape:torch.Size([256])
k:backbone.layer3.0.bn1.num_batches_tracked shape:torch.Size([])
k:backbone.layer3.0.conv2.weight shape:torch.Size([256, 256, 3, 3])
k:backbone.layer3.0.bn2.weight shape:torch.Size([256])
k:backbone.layer3.0.bn2.bias shape:torch.Size([256])
k:backbone.layer3.0.bn2.running_mean shape:torch.Size([256])
k:backbone.layer3.0.bn2.running_var shape:torch.Size([256])
k:backbone.layer3.0.bn2.num_batches_tracked shape:torch.Size([])
k:backbone.layer3.0.conv3.weight shape:torch.Size([1024, 256, 1, 1])
k:backbone.layer3.0.bn3.weight shape:torch.Size([1024])
k:backbone.layer3.0.bn3.bias shape:torch.Size([1024])
k:backbone.layer3.0.bn3.running_mean shape:torch.Size([1024])
k:backbone.layer3.0.bn3.running_var shape:torch.Size([1024])
k:backbone.layer3.0.bn3.num_batches_tracked shape:torch.Size([])
k:backbone.layer3.0.downsample.0.weight shape:torch.Size([1024, 512, 1, 1])
k:backbone.layer3.0.downsample.1.weight shape:torch.Size([1024])
k:backbone.layer3.0.downsample.1.bias shape:torch.Size([1024])
k:backbone.layer3.0.downsample.1.running_mean shape:torch.Size([1024])
k:backbone.layer3.0.downsample.1.running_var shape:torch.Size([1024])
k:backbone.layer3.0.downsample.1.num_batches_tracked shape:torch.Size([])
k:backbone.layer3.1.conv1.weight shape:torch.Size([256, 1024, 1, 1])
k:backbone.layer3.1.bn1.weight shape:torch.Size([256])
k:backbone.layer3.1.bn1.bias shape:torch.Size([256])
k:backbone.layer3.1.bn1.running_mean shape:torch.Size([256])
k:backbone.layer3.1.bn1.running_var shape:torch.Size([256])
k:backbone.layer3.1.bn1.num_batches_tracked shape:torch.Size([])
k:backbone.layer3.1.conv2.weight shape:torch.Size([256, 256, 3, 3])
k:backbone.layer3.1.bn2.weight shape:torch.Size([256])
k:backbone.layer3.1.bn2.bias shape:torch.Size([256])
k:backbone.layer3.1.bn2.running_mean shape:torch.Size([256])
k:backbone.layer3.1.bn2.running_var shape:torch.Size([256])
k:backbone.layer3.1.bn2.num_batches_tracked shape:torch.Size([])
k:backbone.layer3.1.conv3.weight shape:torch.Size([1024, 256, 1, 1])
k:backbone.layer3.1.bn3.weight shape:torch.Size([1024])
k:backbone.layer3.1.bn3.bias shape:torch.Size([1024])
k:backbone.layer3.1.bn3.running_mean shape:torch.Size([1024])
k:backbone.layer3.1.bn3.running_var shape:torch.Size([1024])
k:backbone.layer3.1.bn3.num_batches_tracked shape:torch.Size([])
k:backbone.layer3.2.conv1.weight shape:torch.Size([256, 1024, 1, 1])
k:backbone.layer3.2.bn1.weight shape:torch.Size([256])
k:backbone.layer3.2.bn1.bias shape:torch.Size([256])
k:backbone.layer3.2.bn1.running_mean shape:torch.Size([256])
k:backbone.layer3.2.bn1.running_var shape:torch.Size([256])
k:backbone.layer3.2.bn1.num_batches_tracked shape:torch.Size([])
k:backbone.layer3.2.conv2.weight shape:torch.Size([256, 256, 3, 3])
k:backbone.layer3.2.bn2.weight shape:torch.Size([256])
k:backbone.layer3.2.bn2.bias shape:torch.Size([256])
k:backbone.layer3.2.bn2.running_mean shape:torch.Size([256])
k:backbone.layer3.2.bn2.running_var shape:torch.Size([256])
k:backbone.layer3.2.bn2.num_batches_tracked shape:torch.Size([])
k:backbone.layer3.2.conv3.weight shape:torch.Size([1024, 256, 1, 1])
k:backbone.layer3.2.bn3.weight shape:torch.Size([1024])
k:backbone.layer3.2.bn3.bias shape:torch.Size([1024])
k:backbone.layer3.2.bn3.running_mean shape:torch.Size([1024])
k:backbone.layer3.2.bn3.running_var shape:torch.Size([1024])
k:backbone.layer3.2.bn3.num_batches_tracked shape:torch.Size([])
k:backbone.layer3.3.conv1.weight shape:torch.Size([256, 1024, 1, 1])
k:backbone.layer3.3.bn1.weight shape:torch.Size([256])
k:backbone.layer3.3.bn1.bias shape:torch.Size([256])
k:backbone.layer3.3.bn1.running_mean shape:torch.Size([256])
k:backbone.layer3.3.bn1.running_var shape:torch.Size([256])
k:backbone.layer3.3.bn1.num_batches_tracked shape:torch.Size([])
k:backbone.layer3.3.conv2.weight shape:torch.Size([256, 256, 3, 3])
k:backbone.layer3.3.bn2.weight shape:torch.Size([256])
k:backbone.layer3.3.bn2.bias shape:torch.Size([256])
k:backbone.layer3.3.bn2.running_mean shape:torch.Size([256])
k:backbone.layer3.3.bn2.running_var shape:torch.Size([256])
k:backbone.layer3.3.bn2.num_batches_tracked shape:torch.Size([])
k:backbone.layer3.3.conv3.weight shape:torch.Size([1024, 256, 1, 1])
k:backbone.layer3.3.bn3.weight shape:torch.Size([1024])
k:backbone.layer3.3.bn3.bias shape:torch.Size([1024])
k:backbone.layer3.3.bn3.running_mean shape:torch.Size([1024])
k:backbone.layer3.3.bn3.running_var shape:torch.Size([1024])
k:backbone.layer3.3.bn3.num_batches_tracked shape:torch.Size([])
k:backbone.layer3.4.conv1.weight shape:torch.Size([256, 1024, 1, 1])
k:backbone.layer3.4.bn1.weight shape:torch.Size([256])
k:backbone.layer3.4.bn1.bias shape:torch.Size([256])
k:backbone.layer3.4.bn1.running_mean shape:torch.Size([256])
k:backbone.layer3.4.bn1.running_var shape:torch.Size([256])
k:backbone.layer3.4.bn1.num_batches_tracked shape:torch.Size([])
k:backbone.layer3.4.conv2.weight shape:torch.Size([256, 256, 3, 3])
k:backbone.layer3.4.bn2.weight shape:torch.Size([256])
k:backbone.layer3.4.bn2.bias shape:torch.Size([256])
k:backbone.layer3.4.bn2.running_mean shape:torch.Size([256])
k:backbone.layer3.4.bn2.running_var shape:torch.Size([256])
k:backbone.layer3.4.bn2.num_batches_tracked shape:torch.Size([])
k:backbone.layer3.4.conv3.weight shape:torch.Size([1024, 256, 1, 1])
k:backbone.layer3.4.bn3.weight shape:torch.Size([1024])
k:backbone.layer3.4.bn3.bias shape:torch.Size([1024])
k:backbone.layer3.4.bn3.running_mean shape:torch.Size([1024])
k:backbone.layer3.4.bn3.running_var shape:torch.Size([1024])
k:backbone.layer3.4.bn3.num_batches_tracked shape:torch.Size([])
k:backbone.layer3.5.conv1.weight shape:torch.Size([256, 1024, 1, 1])
k:backbone.layer3.5.bn1.weight shape:torch.Size([256])
k:backbone.layer3.5.bn1.bias shape:torch.Size([256])
k:backbone.layer3.5.bn1.running_mean shape:torch.Size([256])
k:backbone.layer3.5.bn1.running_var shape:torch.Size([256])
k:backbone.layer3.5.bn1.num_batches_tracked shape:torch.Size([])
k:backbone.layer3.5.conv2.weight shape:torch.Size([256, 256, 3, 3])
k:backbone.layer3.5.bn2.weight shape:torch.Size([256])
k:backbone.layer3.5.bn2.bias shape:torch.Size([256])
k:backbone.layer3.5.bn2.running_mean shape:torch.Size([256])
k:backbone.layer3.5.bn2.running_var shape:torch.Size([256])
k:backbone.layer3.5.bn2.num_batches_tracked shape:torch.Size([])
k:backbone.layer3.5.conv3.weight shape:torch.Size([1024, 256, 1, 1])
k:backbone.layer3.5.bn3.weight shape:torch.Size([1024])
k:backbone.layer3.5.bn3.bias shape:torch.Size([1024])
k:backbone.layer3.5.bn3.running_mean shape:torch.Size([1024])
k:backbone.layer3.5.bn3.running_var shape:torch.Size([1024])
k:backbone.layer3.5.bn3.num_batches_tracked shape:torch.Size([])
k:backbone.layer3.6.conv1.weight shape:torch.Size([256, 1024, 1, 1])
k:backbone.layer3.6.bn1.weight shape:torch.Size([256])
k:backbone.layer3.6.bn1.bias shape:torch.Size([256])
k:backbone.layer3.6.bn1.running_mean shape:torch.Size([256])
k:backbone.layer3.6.bn1.running_var shape:torch.Size([256])
k:backbone.layer3.6.bn1.num_batches_tracked shape:torch.Size([])
k:backbone.layer3.6.conv2.weight shape:torch.Size([256, 256, 3, 3])
k:backbone.layer3.6.bn2.weight shape:torch.Size([256])
k:backbone.layer3.6.bn2.bias shape:torch.Size([256])
k:backbone.layer3.6.bn2.running_mean shape:torch.Size([256])
k:backbone.layer3.6.bn2.running_var shape:torch.Size([256])
k:backbone.layer3.6.bn2.num_batches_tracked shape:torch.Size([])
k:backbone.layer3.6.conv3.weight shape:torch.Size([1024, 256, 1, 1])
k:backbone.layer3.6.bn3.weight shape:torch.Size([1024])
k:backbone.layer3.6.bn3.bias shape:torch.Size([1024])
k:backbone.layer3.6.bn3.running_mean shape:torch.Size([1024])
k:backbone.layer3.6.bn3.running_var shape:torch.Size([1024])
k:backbone.layer3.6.bn3.num_batches_tracked shape:torch.Size([])
k:backbone.layer3.7.conv1.weight shape:torch.Size([256, 1024, 1, 1])
k:backbone.layer3.7.bn1.weight shape:torch.Size([256])
k:backbone.layer3.7.bn1.bias shape:torch.Size([256])
k:backbone.layer3.7.bn1.running_mean shape:torch.Size([256])
k:backbone.layer3.7.bn1.running_var shape:torch.Size([256])
k:backbone.layer3.7.bn1.num_batches_tracked shape:torch.Size([])
k:backbone.layer3.7.conv2.weight shape:torch.Size([256, 256, 3, 3])
k:backbone.layer3.7.bn2.weight shape:torch.Size([256])
k:backbone.layer3.7.bn2.bias shape:torch.Size([256])
k:backbone.layer3.7.bn2.running_mean shape:torch.Size([256])
k:backbone.layer3.7.bn2.running_var shape:torch.Size([256])
k:backbone.layer3.7.bn2.num_batches_tracked shape:torch.Size([])
k:backbone.layer3.7.conv3.weight shape:torch.Size([1024, 256, 1, 1])
k:backbone.layer3.7.bn3.weight shape:torch.Size([1024])
k:backbone.layer3.7.bn3.bias shape:torch.Size([1024])
k:backbone.layer3.7.bn3.running_mean shape:torch.Size([1024])
k:backbone.layer3.7.bn3.running_var shape:torch.Size([1024])
k:backbone.layer3.7.bn3.num_batches_tracked shape:torch.Size([])
k:backbone.layer3.8.conv1.weight shape:torch.Size([256, 1024, 1, 1])
k:backbone.layer3.8.bn1.weight shape:torch.Size([256])
k:backbone.layer3.8.bn1.bias shape:torch.Size([256])
k:backbone.layer3.8.bn1.running_mean shape:torch.Size([256])
k:backbone.layer3.8.bn1.running_var shape:torch.Size([256])
k:backbone.layer3.8.bn1.num_batches_tracked shape:torch.Size([])
k:backbone.layer3.8.conv2.weight shape:torch.Size([256, 256, 3, 3])
k:backbone.layer3.8.bn2.weight shape:torch.Size([256])
k:backbone.layer3.8.bn2.bias shape:torch.Size([256])
k:backbone.layer3.8.bn2.running_mean shape:torch.Size([256])
k:backbone.layer3.8.bn2.running_var shape:torch.Size([256])
k:backbone.layer3.8.bn2.num_batches_tracked shape:torch.Size([])
k:backbone.layer3.8.conv3.weight shape:torch.Size([1024, 256, 1, 1])
k:backbone.layer3.8.bn3.weight shape:torch.Size([1024])
k:backbone.layer3.8.bn3.bias shape:torch.Size([1024])
k:backbone.layer3.8.bn3.running_mean shape:torch.Size([1024])
k:backbone.layer3.8.bn3.running_var shape:torch.Size([1024])
k:backbone.layer3.8.bn3.num_batches_tracked shape:torch.Size([])
k:backbone.layer3.9.conv1.weight shape:torch.Size([256, 1024, 1, 1])
k:backbone.layer3.9.bn1.weight shape:torch.Size([256])
k:backbone.layer3.9.bn1.bias shape:torch.Size([256])
k:backbone.layer3.9.bn1.running_mean shape:torch.Size([256])
k:backbone.layer3.9.bn1.running_var shape:torch.Size([256])
k:backbone.layer3.9.bn1.num_batches_tracked shape:torch.Size([])
k:backbone.layer3.9.conv2.weight shape:torch.Size([256, 256, 3, 3])
k:backbone.layer3.9.bn2.weight shape:torch.Size([256])
k:backbone.layer3.9.bn2.bias shape:torch.Size([256])
k:backbone.layer3.9.bn2.running_mean shape:torch.Size([256])
k:backbone.layer3.9.bn2.running_var shape:torch.Size([256])
k:backbone.layer3.9.bn2.num_batches_tracked shape:torch.Size([])
k:backbone.layer3.9.conv3.weight shape:torch.Size([1024, 256, 1, 1])
k:backbone.layer3.9.bn3.weight shape:torch.Size([1024])
k:backbone.layer3.9.bn3.bias shape:torch.Size([1024])
k:backbone.layer3.9.bn3.running_mean shape:torch.Size([1024])
k:backbone.layer3.9.bn3.running_var shape:torch.Size([1024])
k:backbone.layer3.9.bn3.num_batches_tracked shape:torch.Size([])
k:backbone.layer3.10.conv1.weight shape:torch.Size([256, 1024, 1, 1])
k:backbone.layer3.10.bn1.weight shape:torch.Size([256])
k:backbone.layer3.10.bn1.bias shape:torch.Size([256])
k:backbone.layer3.10.bn1.running_mean shape:torch.Size([256])
k:backbone.layer3.10.bn1.running_var shape:torch.Size([256])
k:backbone.layer3.10.bn1.num_batches_tracked shape:torch.Size([])
k:backbone.layer3.10.conv2.weight shape:torch.Size([256, 256, 3, 3])
k:backbone.layer3.10.bn2.weight shape:torch.Size([256])
k:backbone.layer3.10.bn2.bias shape:torch.Size([256])
k:backbone.layer3.10.bn2.running_mean shape:torch.Size([256])
k:backbone.layer3.10.bn2.running_var shape:torch.Size([256])
k:backbone.layer3.10.bn2.num_batches_tracked shape:torch.Size([])
k:backbone.layer3.10.conv3.weight shape:torch.Size([1024, 256, 1, 1])
k:backbone.layer3.10.bn3.weight shape:torch.Size([1024])
k:backbone.layer3.10.bn3.bias shape:torch.Size([1024])
k:backbone.layer3.10.bn3.running_mean shape:torch.Size([1024])
k:backbone.layer3.10.bn3.running_var shape:torch.Size([1024])
k:backbone.layer3.10.bn3.num_batches_tracked shape:torch.Size([])
k:backbone.layer3.11.conv1.weight shape:torch.Size([256, 1024, 1, 1])
k:backbone.layer3.11.bn1.weight shape:torch.Size([256])
k:backbone.layer3.11.bn1.bias shape:torch.Size([256])
k:backbone.layer3.11.bn1.running_mean shape:torch.Size([256])
k:backbone.layer3.11.bn1.running_var shape:torch.Size([256])
k:backbone.layer3.11.bn1.num_batches_tracked shape:torch.Size([])
k:backbone.layer3.11.conv2.weight shape:torch.Size([256, 256, 3, 3])
k:backbone.layer3.11.bn2.weight shape:torch.Size([256])
k:backbone.layer3.11.bn2.bias shape:torch.Size([256])
k:backbone.layer3.11.bn2.running_mean shape:torch.Size([256])
k:backbone.layer3.11.bn2.running_var shape:torch.Size([256])
k:backbone.layer3.11.bn2.num_batches_tracked shape:torch.Size([])
k:backbone.layer3.11.conv3.weight shape:torch.Size([1024, 256, 1, 1])
k:backbone.layer3.11.bn3.weight shape:torch.Size([1024])
k:backbone.layer3.11.bn3.bias shape:torch.Size([1024])
k:backbone.layer3.11.bn3.running_mean shape:torch.Size([1024])
k:backbone.layer3.11.bn3.running_var shape:torch.Size([1024])
k:backbone.layer3.11.bn3.num_batches_tracked shape:torch.Size([])
k:backbone.layer3.12.conv1.weight shape:torch.Size([256, 1024, 1, 1])
k:backbone.layer3.12.bn1.weight shape:torch.Size([256])
k:backbone.layer3.12.bn1.bias shape:torch.Size([256])
k:backbone.layer3.12.bn1.running_mean shape:torch.Size([256])
k:backbone.layer3.12.bn1.running_var shape:torch.Size([256])
k:backbone.layer3.12.bn1.num_batches_tracked shape:torch.Size([])
k:backbone.layer3.12.conv2.weight shape:torch.Size([256, 256, 3, 3])
k:backbone.layer3.12.bn2.weight shape:torch.Size([256])
k:backbone.layer3.12.bn2.bias shape:torch.Size([256])
k:backbone.layer3.12.bn2.running_mean shape:torch.Size([256])
k:backbone.layer3.12.bn2.running_var shape:torch.Size([256])
k:backbone.layer3.12.bn2.num_batches_tracked shape:torch.Size([])
k:backbone.layer3.12.conv3.weight shape:torch.Size([1024, 256, 1, 1])
k:backbone.layer3.12.bn3.weight shape:torch.Size([1024])
k:backbone.layer3.12.bn3.bias shape:torch.Size([1024])
k:backbone.layer3.12.bn3.running_mean shape:torch.Size([1024])
k:backbone.layer3.12.bn3.running_var shape:torch.Size([1024])
k:backbone.layer3.12.bn3.num_batches_tracked shape:torch.Size([])
k:backbone.layer3.13.conv1.weight shape:torch.Size([256, 1024, 1, 1])
k:backbone.layer3.13.bn1.weight shape:torch.Size([256])
k:backbone.layer3.13.bn1.bias shape:torch.Size([256])
k:backbone.layer3.13.bn1.running_mean shape:torch.Size([256])
k:backbone.layer3.13.bn1.running_var shape:torch.Size([256])
k:backbone.layer3.13.bn1.num_batches_tracked shape:torch.Size([])
k:backbone.layer3.13.conv2.weight shape:torch.Size([256, 256, 3, 3])
k:backbone.layer3.13.bn2.weight shape:torch.Size([256])
k:backbone.layer3.13.bn2.bias shape:torch.Size([256])
k:backbone.layer3.13.bn2.running_mean shape:torch.Size([256])
k:backbone.layer3.13.bn2.running_var shape:torch.Size([256])
k:backbone.layer3.13.bn2.num_batches_tracked shape:torch.Size([])
k:backbone.layer3.13.conv3.weight shape:torch.Size([1024, 256, 1, 1])
k:backbone.layer3.13.bn3.weight shape:torch.Size([1024])
k:backbone.layer3.13.bn3.bias shape:torch.Size([1024])
k:backbone.layer3.13.bn3.running_mean shape:torch.Size([1024])
k:backbone.layer3.13.bn3.running_var shape:torch.Size([1024])
k:backbone.layer3.13.bn3.num_batches_tracked shape:torch.Size([])
k:backbone.layer3.14.conv1.weight shape:torch.Size([256, 1024, 1, 1])
k:backbone.layer3.14.bn1.weight shape:torch.Size([256])
k:backbone.layer3.14.bn1.bias shape:torch.Size([256])
k:backbone.layer3.14.bn1.running_mean shape:torch.Size([256])
k:backbone.layer3.14.bn1.running_var shape:torch.Size([256])
k:backbone.layer3.14.bn1.num_batches_tracked shape:torch.Size([])
k:backbone.layer3.14.conv2.weight shape:torch.Size([256, 256, 3, 3])
k:backbone.layer3.14.bn2.weight shape:torch.Size([256])
k:backbone.layer3.14.bn2.bias shape:torch.Size([256])
k:backbone.layer3.14.bn2.running_mean shape:torch.Size([256])
k:backbone.layer3.14.bn2.running_var shape:torch.Size([256])
k:backbone.layer3.14.bn2.num_batches_tracked shape:torch.Size([])
k:backbone.layer3.14.conv3.weight shape:torch.Size([1024, 256, 1, 1])
k:backbone.layer3.14.bn3.weight shape:torch.Size([1024])
k:backbone.layer3.14.bn3.bias shape:torch.Size([1024])
k:backbone.layer3.14.bn3.running_mean shape:torch.Size([1024])
k:backbone.layer3.14.bn3.running_var shape:torch.Size([1024])
k:backbone.layer3.14.bn3.num_batches_tracked shape:torch.Size([])
k:backbone.layer3.15.conv1.weight shape:torch.Size([256, 1024, 1, 1])
k:backbone.layer3.15.bn1.weight shape:torch.Size([256])
k:backbone.layer3.15.bn1.bias shape:torch.Size([256])
k:backbone.layer3.15.bn1.running_mean shape:torch.Size([256])
k:backbone.layer3.15.bn1.running_var shape:torch.Size([256])
k:backbone.layer3.15.bn1.num_batches_tracked shape:torch.Size([])
k:backbone.layer3.15.conv2.weight shape:torch.Size([256, 256, 3, 3])
k:backbone.layer3.15.bn2.weight shape:torch.Size([256])
k:backbone.layer3.15.bn2.bias shape:torch.Size([256])
k:backbone.layer3.15.bn2.running_mean shape:torch.Size([256])
k:backbone.layer3.15.bn2.running_var shape:torch.Size([256])
k:backbone.layer3.15.bn2.num_batches_tracked shape:torch.Size([])
k:backbone.layer3.15.conv3.weight shape:torch.Size([1024, 256, 1, 1])
k:backbone.layer3.15.bn3.weight shape:torch.Size([1024])
k:backbone.layer3.15.bn3.bias shape:torch.Size([1024])
k:backbone.layer3.15.bn3.running_mean shape:torch.Size([1024])
k:backbone.layer3.15.bn3.running_var shape:torch.Size([1024])
k:backbone.layer3.15.bn3.num_batches_tracked shape:torch.Size([])
k:backbone.layer3.16.conv1.weight shape:torch.Size([256, 1024, 1, 1])
k:backbone.layer3.16.bn1.weight shape:torch.Size([256])
k:backbone.layer3.16.bn1.bias shape:torch.Size([256])
k:backbone.layer3.16.bn1.running_mean shape:torch.Size([256])
k:backbone.layer3.16.bn1.running_var shape:torch.Size([256])
k:backbone.layer3.16.bn1.num_batches_tracked shape:torch.Size([])
k:backbone.layer3.16.conv2.weight shape:torch.Size([256, 256, 3, 3])
k:backbone.layer3.16.bn2.weight shape:torch.Size([256])
k:backbone.layer3.16.bn2.bias shape:torch.Size([256])
k:backbone.layer3.16.bn2.running_mean shape:torch.Size([256])
k:backbone.layer3.16.bn2.running_var shape:torch.Size([256])
k:backbone.layer3.16.bn2.num_batches_tracked shape:torch.Size([])
k:backbone.layer3.16.conv3.weight shape:torch.Size([1024, 256, 1, 1])
k:backbone.layer3.16.bn3.weight shape:torch.Size([1024])
k:backbone.layer3.16.bn3.bias shape:torch.Size([1024])
k:backbone.layer3.16.bn3.running_mean shape:torch.Size([1024])
k:backbone.layer3.16.bn3.running_var shape:torch.Size([1024])
k:backbone.layer3.16.bn3.num_batches_tracked shape:torch.Size([])
k:backbone.layer3.17.conv1.weight shape:torch.Size([256, 1024, 1, 1])
k:backbone.layer3.17.bn1.weight shape:torch.Size([256])
k:backbone.layer3.17.bn1.bias shape:torch.Size([256])
k:backbone.layer3.17.bn1.running_mean shape:torch.Size([256])
k:backbone.layer3.17.bn1.running_var shape:torch.Size([256])
k:backbone.layer3.17.bn1.num_batches_tracked shape:torch.Size([])
k:backbone.layer3.17.conv2.weight shape:torch.Size([256, 256, 3, 3])
k:backbone.layer3.17.bn2.weight shape:torch.Size([256])
k:backbone.layer3.17.bn2.bias shape:torch.Size([256])
k:backbone.layer3.17.bn2.running_mean shape:torch.Size([256])
k:backbone.layer3.17.bn2.running_var shape:torch.Size([256])
k:backbone.layer3.17.bn2.num_batches_tracked shape:torch.Size([])
k:backbone.layer3.17.conv3.weight shape:torch.Size([1024, 256, 1, 1])
k:backbone.layer3.17.bn3.weight shape:torch.Size([1024])
k:backbone.layer3.17.bn3.bias shape:torch.Size([1024])
k:backbone.layer3.17.bn3.running_mean shape:torch.Size([1024])
k:backbone.layer3.17.bn3.running_var shape:torch.Size([1024])
k:backbone.layer3.17.bn3.num_batches_tracked shape:torch.Size([])
k:backbone.layer3.18.conv1.weight shape:torch.Size([256, 1024, 1, 1])
k:backbone.layer3.18.bn1.weight shape:torch.Size([256])
k:backbone.layer3.18.bn1.bias shape:torch.Size([256])
k:backbone.layer3.18.bn1.running_mean shape:torch.Size([256])
k:backbone.layer3.18.bn1.running_var shape:torch.Size([256])
k:backbone.layer3.18.bn1.num_batches_tracked shape:torch.Size([])
k:backbone.layer3.18.conv2.weight shape:torch.Size([256, 256, 3, 3])
k:backbone.layer3.18.bn2.weight shape:torch.Size([256])
k:backbone.layer3.18.bn2.bias shape:torch.Size([256])
k:backbone.layer3.18.bn2.running_mean shape:torch.Size([256])
k:backbone.layer3.18.bn2.running_var shape:torch.Size([256])
k:backbone.layer3.18.bn2.num_batches_tracked shape:torch.Size([])
k:backbone.layer3.18.conv3.weight shape:torch.Size([1024, 256, 1, 1])
k:backbone.layer3.18.bn3.weight shape:torch.Size([1024])
k:backbone.layer3.18.bn3.bias shape:torch.Size([1024])
k:backbone.layer3.18.bn3.running_mean shape:torch.Size([1024])
k:backbone.layer3.18.bn3.running_var shape:torch.Size([1024])
k:backbone.layer3.18.bn3.num_batches_tracked shape:torch.Size([])
k:backbone.layer3.19.conv1.weight shape:torch.Size([256, 1024, 1, 1])
k:backbone.layer3.19.bn1.weight shape:torch.Size([256])
k:backbone.layer3.19.bn1.bias shape:torch.Size([256])
k:backbone.layer3.19.bn1.running_mean shape:torch.Size([256])
k:backbone.layer3.19.bn1.running_var shape:torch.Size([256])
k:backbone.layer3.19.bn1.num_batches_tracked shape:torch.Size([])
k:backbone.layer3.19.conv2.weight shape:torch.Size([256, 256, 3, 3])
k:backbone.layer3.19.bn2.weight shape:torch.Size([256])
k:backbone.layer3.19.bn2.bias shape:torch.Size([256])
k:backbone.layer3.19.bn2.running_mean shape:torch.Size([256])
k:backbone.layer3.19.bn2.running_var shape:torch.Size([256])
k:backbone.layer3.19.bn2.num_batches_tracked shape:torch.Size([])
k:backbone.layer3.19.conv3.weight shape:torch.Size([1024, 256, 1, 1])
k:backbone.layer3.19.bn3.weight shape:torch.Size([1024])
k:backbone.layer3.19.bn3.bias shape:torch.Size([1024])
k:backbone.layer3.19.bn3.running_mean shape:torch.Size([1024])
k:backbone.layer3.19.bn3.running_var shape:torch.Size([1024])
k:backbone.layer3.19.bn3.num_batches_tracked shape:torch.Size([])
k:backbone.layer3.20.conv1.weight shape:torch.Size([256, 1024, 1, 1])
k:backbone.layer3.20.bn1.weight shape:torch.Size([256])
k:backbone.layer3.20.bn1.bias shape:torch.Size([256])
k:backbone.layer3.20.bn1.running_mean shape:torch.Size([256])
k:backbone.layer3.20.bn1.running_var shape:torch.Size([256])
k:backbone.layer3.20.bn1.num_batches_tracked shape:torch.Size([])
k:backbone.layer3.20.conv2.weight shape:torch.Size([256, 256, 3, 3])
k:backbone.layer3.20.bn2.weight shape:torch.Size([256])
k:backbone.layer3.20.bn2.bias shape:torch.Size([256])
k:backbone.layer3.20.bn2.running_mean shape:torch.Size([256])
k:backbone.layer3.20.bn2.running_var shape:torch.Size([256])
k:backbone.layer3.20.bn2.num_batches_tracked shape:torch.Size([])
k:backbone.layer3.20.conv3.weight shape:torch.Size([1024, 256, 1, 1])
k:backbone.layer3.20.bn3.weight shape:torch.Size([1024])
k:backbone.layer3.20.bn3.bias shape:torch.Size([1024])
k:backbone.layer3.20.bn3.running_mean shape:torch.Size([1024])
k:backbone.layer3.20.bn3.running_var shape:torch.Size([1024])
k:backbone.layer3.20.bn3.num_batches_tracked shape:torch.Size([])
k:backbone.layer3.21.conv1.weight shape:torch.Size([256, 1024, 1, 1])
k:backbone.layer3.21.bn1.weight shape:torch.Size([256])
k:backbone.layer3.21.bn1.bias shape:torch.Size([256])
k:backbone.layer3.21.bn1.running_mean shape:torch.Size([256])
k:backbone.layer3.21.bn1.running_var shape:torch.Size([256])
k:backbone.layer3.21.bn1.num_batches_tracked shape:torch.Size([])
k:backbone.layer3.21.conv2.weight shape:torch.Size([256, 256, 3, 3])
k:backbone.layer3.21.bn2.weight shape:torch.Size([256])
k:backbone.layer3.21.bn2.bias shape:torch.Size([256])
k:backbone.layer3.21.bn2.running_mean shape:torch.Size([256])
k:backbone.layer3.21.bn2.running_var shape:torch.Size([256])
k:backbone.layer3.21.bn2.num_batches_tracked shape:torch.Size([])
k:backbone.layer3.21.conv3.weight shape:torch.Size([1024, 256, 1, 1])
k:backbone.layer3.21.bn3.weight shape:torch.Size([1024])
k:backbone.layer3.21.bn3.bias shape:torch.Size([1024])
k:backbone.layer3.21.bn3.running_mean shape:torch.Size([1024])
k:backbone.layer3.21.bn3.running_var shape:torch.Size([1024])
k:backbone.layer3.21.bn3.num_batches_tracked shape:torch.Size([])
k:backbone.layer3.22.conv1.weight shape:torch.Size([256, 1024, 1, 1])
k:backbone.layer3.22.bn1.weight shape:torch.Size([256])
k:backbone.layer3.22.bn1.bias shape:torch.Size([256])
k:backbone.layer3.22.bn1.running_mean shape:torch.Size([256])
k:backbone.layer3.22.bn1.running_var shape:torch.Size([256])
k:backbone.layer3.22.bn1.num_batches_tracked shape:torch.Size([])
k:backbone.layer3.22.conv2.weight shape:torch.Size([256, 256, 3, 3])
k:backbone.layer3.22.bn2.weight shape:torch.Size([256])
k:backbone.layer3.22.bn2.bias shape:torch.Size([256])
k:backbone.layer3.22.bn2.running_mean shape:torch.Size([256])
k:backbone.layer3.22.bn2.running_var shape:torch.Size([256])
k:backbone.layer3.22.bn2.num_batches_tracked shape:torch.Size([])
k:backbone.layer3.22.conv3.weight shape:torch.Size([1024, 256, 1, 1])
k:backbone.layer3.22.bn3.weight shape:torch.Size([1024])
k:backbone.layer3.22.bn3.bias shape:torch.Size([1024])
k:backbone.layer3.22.bn3.running_mean shape:torch.Size([1024])
k:backbone.layer3.22.bn3.running_var shape:torch.Size([1024])
k:backbone.layer3.22.bn3.num_batches_tracked shape:torch.Size([])
k:backbone.layer4.0.conv1.weight shape:torch.Size([512, 1024, 1, 1])
k:backbone.layer4.0.bn1.weight shape:torch.Size([512])
k:backbone.layer4.0.bn1.bias shape:torch.Size([512])
k:backbone.layer4.0.bn1.running_mean shape:torch.Size([512])
k:backbone.layer4.0.bn1.running_var shape:torch.Size([512])
k:backbone.layer4.0.bn1.num_batches_tracked shape:torch.Size([])
k:backbone.layer4.0.conv2.weight shape:torch.Size([512, 512, 3, 3])
k:backbone.layer4.0.bn2.weight shape:torch.Size([512])
k:backbone.layer4.0.bn2.bias shape:torch.Size([512])
k:backbone.layer4.0.bn2.running_mean shape:torch.Size([512])
k:backbone.layer4.0.bn2.running_var shape:torch.Size([512])
k:backbone.layer4.0.bn2.num_batches_tracked shape:torch.Size([])
k:backbone.layer4.0.conv3.weight shape:torch.Size([2048, 512, 1, 1])
k:backbone.layer4.0.bn3.weight shape:torch.Size([2048])
k:backbone.layer4.0.bn3.bias shape:torch.Size([2048])
k:backbone.layer4.0.bn3.running_mean shape:torch.Size([2048])
k:backbone.layer4.0.bn3.running_var shape:torch.Size([2048])
k:backbone.layer4.0.bn3.num_batches_tracked shape:torch.Size([])
k:backbone.layer4.0.downsample.0.weight shape:torch.Size([2048, 1024, 1, 1])
k:backbone.layer4.0.downsample.1.weight shape:torch.Size([2048])
k:backbone.layer4.0.downsample.1.bias shape:torch.Size([2048])
k:backbone.layer4.0.downsample.1.running_mean shape:torch.Size([2048])
k:backbone.layer4.0.downsample.1.running_var shape:torch.Size([2048])
k:backbone.layer4.0.downsample.1.num_batches_tracked shape:torch.Size([])
k:backbone.layer4.1.conv1.weight shape:torch.Size([512, 2048, 1, 1])
k:backbone.layer4.1.bn1.weight shape:torch.Size([512])
k:backbone.layer4.1.bn1.bias shape:torch.Size([512])
k:backbone.layer4.1.bn1.running_mean shape:torch.Size([512])
k:backbone.layer4.1.bn1.running_var shape:torch.Size([512])
k:backbone.layer4.1.bn1.num_batches_tracked shape:torch.Size([])
k:backbone.layer4.1.conv2.weight shape:torch.Size([512, 512, 3, 3])
k:backbone.layer4.1.bn2.weight shape:torch.Size([512])
k:backbone.layer4.1.bn2.bias shape:torch.Size([512])
k:backbone.layer4.1.bn2.running_mean shape:torch.Size([512])
k:backbone.layer4.1.bn2.running_var shape:torch.Size([512])
k:backbone.layer4.1.bn2.num_batches_tracked shape:torch.Size([])
k:backbone.layer4.1.conv3.weight shape:torch.Size([2048, 512, 1, 1])
k:backbone.layer4.1.bn3.weight shape:torch.Size([2048])
k:backbone.layer4.1.bn3.bias shape:torch.Size([2048])
k:backbone.layer4.1.bn3.running_mean shape:torch.Size([2048])
k:backbone.layer4.1.bn3.running_var shape:torch.Size([2048])
k:backbone.layer4.1.bn3.num_batches_tracked shape:torch.Size([])
k:backbone.layer4.2.conv1.weight shape:torch.Size([512, 2048, 1, 1])
k:backbone.layer4.2.bn1.weight shape:torch.Size([512])
k:backbone.layer4.2.bn1.bias shape:torch.Size([512])
k:backbone.layer4.2.bn1.running_mean shape:torch.Size([512])
k:backbone.layer4.2.bn1.running_var shape:torch.Size([512])
k:backbone.layer4.2.bn1.num_batches_tracked shape:torch.Size([])
k:backbone.layer4.2.conv2.weight shape:torch.Size([512, 512, 3, 3])
k:backbone.layer4.2.bn2.weight shape:torch.Size([512])
k:backbone.layer4.2.bn2.bias shape:torch.Size([512])
k:backbone.layer4.2.bn2.running_mean shape:torch.Size([512])
k:backbone.layer4.2.bn2.running_var shape:torch.Size([512])
k:backbone.layer4.2.bn2.num_batches_tracked shape:torch.Size([])
k:backbone.layer4.2.conv3.weight shape:torch.Size([2048, 512, 1, 1])
k:backbone.layer4.2.bn3.weight shape:torch.Size([2048])
k:backbone.layer4.2.bn3.bias shape:torch.Size([2048])
k:backbone.layer4.2.bn3.running_mean shape:torch.Size([2048])
k:backbone.layer4.2.bn3.running_var shape:torch.Size([2048])
k:backbone.layer4.2.bn3.num_batches_tracked shape:torch.Size([])
k:neck.lateral_convs.0.conv.weight shape:torch.Size([256, 256, 1, 1])
k:neck.lateral_convs.0.conv.bias shape:torch.Size([256])
k:neck.lateral_convs.1.conv.weight shape:torch.Size([256, 512, 1, 1])
k:neck.lateral_convs.1.conv.bias shape:torch.Size([256])
k:neck.lateral_convs.2.conv.weight shape:torch.Size([256, 1024, 1, 1])
k:neck.lateral_convs.2.conv.bias shape:torch.Size([256])
k:neck.lateral_convs.3.conv.weight shape:torch.Size([256, 2048, 1, 1])
k:neck.lateral_convs.3.conv.bias shape:torch.Size([256])
k:neck.fpn_convs.0.conv.weight shape:torch.Size([256, 256, 3, 3])
k:neck.fpn_convs.0.conv.bias shape:torch.Size([256])
k:neck.fpn_convs.1.conv.weight shape:torch.Size([256, 256, 3, 3])
k:neck.fpn_convs.1.conv.bias shape:torch.Size([256])
k:neck.fpn_convs.2.conv.weight shape:torch.Size([256, 256, 3, 3])
k:neck.fpn_convs.2.conv.bias shape:torch.Size([256])
k:neck.fpn_convs.3.conv.weight shape:torch.Size([256, 256, 3, 3])
k:neck.fpn_convs.3.conv.bias shape:torch.Size([256])
k:mask_feat_head.convs_all_levels.0.conv0.conv.weight shape:torch.Size([128, 256, 3, 3])
k:mask_feat_head.convs_all_levels.0.conv0.gn.weight shape:torch.Size([128])
k:mask_feat_head.convs_all_levels.0.conv0.gn.bias shape:torch.Size([128])
k:mask_feat_head.convs_all_levels.1.conv0.conv.weight shape:torch.Size([128, 256, 3, 3])
k:mask_feat_head.convs_all_levels.1.conv0.gn.weight shape:torch.Size([128])
k:mask_feat_head.convs_all_levels.1.conv0.gn.bias shape:torch.Size([128])
k:mask_feat_head.convs_all_levels.2.conv0.conv.weight shape:torch.Size([128, 256, 3, 3])
k:mask_feat_head.convs_all_levels.2.conv0.gn.weight shape:torch.Size([128])
k:mask_feat_head.convs_all_levels.2.conv0.gn.bias shape:torch.Size([128])
k:mask_feat_head.convs_all_levels.2.conv1.conv.weight shape:torch.Size([128, 128, 3, 3])
k:mask_feat_head.convs_all_levels.2.conv1.gn.weight shape:torch.Size([128])
k:mask_feat_head.convs_all_levels.2.conv1.gn.bias shape:torch.Size([128])
k:mask_feat_head.convs_all_levels.3.conv0.conv.weight shape:torch.Size([128, 258, 3, 3])
k:mask_feat_head.convs_all_levels.3.conv0.gn.weight shape:torch.Size([128])
k:mask_feat_head.convs_all_levels.3.conv0.gn.bias shape:torch.Size([128])
k:mask_feat_head.convs_all_levels.3.conv1.conv.weight shape:torch.Size([128, 128, 3, 3])
k:mask_feat_head.convs_all_levels.3.conv1.gn.weight shape:torch.Size([128])
k:mask_feat_head.convs_all_levels.3.conv1.gn.bias shape:torch.Size([128])
k:mask_feat_head.convs_all_levels.3.conv2.conv.weight shape:torch.Size([128, 128, 3, 3])
k:mask_feat_head.convs_all_levels.3.conv2.gn.weight shape:torch.Size([128])
k:mask_feat_head.convs_all_levels.3.conv2.gn.bias shape:torch.Size([128])
k:mask_feat_head.conv_pred.0.conv.weight shape:torch.Size([256, 128, 1, 1])
k:mask_feat_head.conv_pred.0.gn.weight shape:torch.Size([256])
k:mask_feat_head.conv_pred.0.gn.bias shape:torch.Size([256])
k:bbox_head.cate_convs.0.conv.weight shape:torch.Size([512, 256, 3, 3])
k:bbox_head.cate_convs.0.gn.weight shape:torch.Size([512])
k:bbox_head.cate_convs.0.gn.bias shape:torch.Size([512])
k:bbox_head.cate_convs.1.conv.weight shape:torch.Size([512, 512, 3, 3])
k:bbox_head.cate_convs.1.gn.weight shape:torch.Size([512])
k:bbox_head.cate_convs.1.gn.bias shape:torch.Size([512])
k:bbox_head.cate_convs.2.conv.weight shape:torch.Size([512, 512, 3, 3])
k:bbox_head.cate_convs.2.gn.weight shape:torch.Size([512])
k:bbox_head.cate_convs.2.gn.bias shape:torch.Size([512])
k:bbox_head.cate_convs.3.conv.weight shape:torch.Size([512, 512, 3, 3])
k:bbox_head.cate_convs.3.gn.weight shape:torch.Size([512])
k:bbox_head.cate_convs.3.gn.bias shape:torch.Size([512])
k:bbox_head.kernel_convs.0.conv.weight shape:torch.Size([512, 258, 3, 3])
k:bbox_head.kernel_convs.0.gn.weight shape:torch.Size([512])
k:bbox_head.kernel_convs.0.gn.bias shape:torch.Size([512])
k:bbox_head.kernel_convs.1.conv.weight shape:torch.Size([512, 512, 3, 3])
k:bbox_head.kernel_convs.1.gn.weight shape:torch.Size([512])
k:bbox_head.kernel_convs.1.gn.bias shape:torch.Size([512])
k:bbox_head.kernel_convs.2.conv.weight shape:torch.Size([512, 512, 3, 3])
k:bbox_head.kernel_convs.2.gn.weight shape:torch.Size([512])
k:bbox_head.kernel_convs.2.gn.bias shape:torch.Size([512])
k:bbox_head.kernel_convs.3.conv.weight shape:torch.Size([512, 512, 3, 3])
k:bbox_head.kernel_convs.3.gn.weight shape:torch.Size([512])
k:bbox_head.kernel_convs.3.gn.bias shape:torch.Size([512])
k:bbox_head.solo_cate.weight shape:torch.Size([80, 512, 3, 3])
k:bbox_head.solo_cate.bias shape:torch.Size([80])
k:bbox_head.solo_kernel.weight shape:torch.Size([256, 512, 3, 3])
k:bbox_head.solo_kernel.bias shape:torch.Size([256])
